<?xml version="1.0" encoding="UTF-8"?>
<testsuite name="com.example.p02.P02ApplicationTests" tests="1" skipped="0" failures="0" errors="0" timestamp="2024-08-07T17:27:28" hostname="OMEN15" time="0.616">
  <properties/>
  <testcase name="contextLoads()" classname="com.example.p02.P02ApplicationTests" time="0.616"/>
  <system-out><![CDATA[11:27:22.157 [Test worker] INFO org.springframework.test.context.support.AnnotationConfigContextLoaderUtils -- Could not detect default configuration classes for test class [com.example.p02.P02ApplicationTests]: P02ApplicationTests does not declare any static, non-private, non-final, nested classes annotated with @Configuration.
11:27:22.317 [Test worker] INFO org.springframework.boot.test.context.SpringBootTestContextBootstrapper -- Found @SpringBootConfiguration com.example.p02.P02Application for test class com.example.p02.P02ApplicationTests

  .   ____          _            __ _ _
 /\\ / ___'_ __ _ _(_)_ __  __ _ \ \ \ \
( ( )\___ | '_ | '_| | '_ \/ _` | \ \ \ \
 \\/  ___)| |_)| | | | | || (_| |  ) ) ) )
  '  |____| .__|_| |_|_| |_\__, | / / / /
 =========|_|==============|___/=/_/_/_/

 :: Spring Boot ::                (v3.3.1)

2024-08-07T11:27:22.961-06:00  INFO 24060 --- [    Test worker] com.example.p02.P02ApplicationTests      : Starting P02ApplicationTests using Java 17.0.10 with PID 24060 (started by aleja in C:\Users\aleja\Downloads\test\docker\Backend)
2024-08-07T11:27:22.963-06:00  INFO 24060 --- [    Test worker] com.example.p02.P02ApplicationTests      : No active profile set, falling back to 1 default profile: "default"
2024-08-07T11:27:24.110-06:00  INFO 24060 --- [    Test worker] .s.d.r.c.RepositoryConfigurationDelegate : Bootstrapping Spring Data JPA repositories in DEFAULT mode.
2024-08-07T11:27:24.187-06:00  INFO 24060 --- [    Test worker] .s.d.r.c.RepositoryConfigurationDelegate : Finished Spring Data repository scanning in 66 ms. Found 3 JPA repository interfaces.
2024-08-07T11:27:24.982-06:00  INFO 24060 --- [    Test worker] o.hibernate.jpa.internal.util.LogHelper  : HHH000204: Processing PersistenceUnitInfo [name: default]
2024-08-07T11:27:25.091-06:00  INFO 24060 --- [    Test worker] org.hibernate.Version                    : HHH000412: Hibernate ORM core version 6.5.2.Final
2024-08-07T11:27:25.162-06:00  INFO 24060 --- [    Test worker] o.h.c.internal.RegionFactoryInitiator    : HHH000026: Second-level cache disabled
2024-08-07T11:27:25.720-06:00  INFO 24060 --- [    Test worker] o.s.o.j.p.SpringPersistenceUnitInfo      : No LoadTimeWeaver setup: ignoring JPA class transformer
2024-08-07T11:27:25.764-06:00  INFO 24060 --- [    Test worker] com.zaxxer.hikari.HikariDataSource       : HikariPool-1 - Starting...
2024-08-07T11:27:25.983-06:00  INFO 24060 --- [    Test worker] com.zaxxer.hikari.pool.HikariPool        : HikariPool-1 - Added connection com.mysql.cj.jdbc.ConnectionImpl@f49e81a
2024-08-07T11:27:25.986-06:00  INFO 24060 --- [    Test worker] com.zaxxer.hikari.HikariDataSource       : HikariPool-1 - Start completed.
2024-08-07T11:27:26.053-06:00  WARN 24060 --- [    Test worker] org.hibernate.dialect.Dialect            : HHH000511: The 5.5.5 version for [org.hibernate.dialect.MySQLDialect] is no longer supported, hence certain features may not work properly. The minimum supported version is 8.0.0. Check the community dialects project for available legacy versions.
2024-08-07T11:27:27.247-06:00  INFO 24060 --- [    Test worker] o.h.e.t.j.p.i.JtaPlatformInitiator       : HHH000489: No JTA platform available (set 'hibernate.transaction.jta.platform' to enable JTA platform integration)
Hibernate: alter table notices modify column content TEXT not null
2024-08-07T11:27:27.325-06:00  INFO 24060 --- [    Test worker] j.LocalContainerEntityManagerFactoryBean : Initialized JPA EntityManagerFactory for persistence unit 'default'
2024-08-07T11:27:27.946-06:00  WARN 24060 --- [    Test worker] JpaBaseConfiguration$JpaWebConfiguration : spring.jpa.open-in-view is enabled by default. Therefore, database queries may be performed during view rendering. Explicitly configure spring.jpa.open-in-view to disable this warning
2024-08-07T11:27:28.787-06:00  INFO 24060 --- [    Test worker] com.example.p02.P02ApplicationTests      : Started P02ApplicationTests in 6.19 seconds (process running for 7.874)
]]></system-out>
  <system-err><![CDATA[]]></system-err>
</testsuite>
